2020-06-07 13:18:04.5626|0|KoronavirusMvc.Program|DEBUG|init main 
2020-06-07 13:18:06.1163|0|Microsoft.Hosting.Lifetime|INFO|Application started. Press Ctrl+C to shut down. 
2020-06-07 13:18:06.1209|0|Microsoft.Hosting.Lifetime|INFO|Hosting environment: Development 
2020-06-07 13:18:06.1209|0|Microsoft.Hosting.Lifetime|INFO|Content root path: D:\Faks\RPPP\Projekt\KoronavirusMvc 
2020-06-07 13:20:21.6778|0|KoronavirusMvc.Program|DEBUG|init main 
2020-06-07 13:20:22.6637|0|Microsoft.Hosting.Lifetime|INFO|Application started. Press Ctrl+C to shut down. 
2020-06-07 13:20:22.6675|0|Microsoft.Hosting.Lifetime|INFO|Hosting environment: Development 
2020-06-07 13:20:22.6675|0|Microsoft.Hosting.Lifetime|INFO|Content root path: D:\Faks\RPPP\Projekt\KoronavirusMvc 
2020-06-07 14:09:10.4466|0|KoronavirusMvc.Program|DEBUG|init main 
2020-06-07 14:09:11.5256|0|Microsoft.Hosting.Lifetime|INFO|Application started. Press Ctrl+C to shut down. 
2020-06-07 14:09:11.5304|0|Microsoft.Hosting.Lifetime|INFO|Hosting environment: Development 
2020-06-07 14:09:11.5304|0|Microsoft.Hosting.Lifetime|INFO|Content root path: D:\Faks\RPPP\Projekt\KoronavirusMvc 
2020-06-07 14:09:18.5292|1|Microsoft.AspNetCore.Diagnostics.DeveloperExceptionPageMiddleware|ERROR|An unhandled exception has occurred while executing the request. 'SifraPregleda' property not found. Available properties list: IdentifikacijskiBroj, Ime, Prezime, Adresa, DatRod, Zanimanje, Putovanje, StozerOsoba, ZarazenaOsoba, KontaktIdKontaktNavigation, KontaktIdOsobaNavigation, Stozer
2020-06-07 14:09:55.5843|0|KoronavirusMvc.Program|DEBUG|init main 
2020-06-07 14:09:56.5805|0|Microsoft.Hosting.Lifetime|INFO|Application started. Press Ctrl+C to shut down. 
2020-06-07 14:09:56.5805|0|Microsoft.Hosting.Lifetime|INFO|Hosting environment: Development 
2020-06-07 14:09:56.5932|0|Microsoft.Hosting.Lifetime|INFO|Content root path: D:\Faks\RPPP\Projekt\KoronavirusMvc 
2020-06-07 14:15:42.2319|0|KoronavirusMvc.Program|DEBUG|init main 
2020-06-07 14:15:43.2773|0|Microsoft.Hosting.Lifetime|INFO|Application started. Press Ctrl+C to shut down. 
2020-06-07 14:15:43.2773|0|Microsoft.Hosting.Lifetime|INFO|Hosting environment: Development 
2020-06-07 14:15:43.2912|0|Microsoft.Hosting.Lifetime|INFO|Content root path: D:\Faks\RPPP\Projekt\KoronavirusMvc 
2020-06-07 14:16:38.3281|0|KoronavirusMvc.Program|DEBUG|init main 
2020-06-07 14:16:39.3736|0|Microsoft.Hosting.Lifetime|INFO|Application started. Press Ctrl+C to shut down. 
2020-06-07 14:16:39.3736|0|Microsoft.Hosting.Lifetime|INFO|Hosting environment: Development 
2020-06-07 14:16:39.3852|0|Microsoft.Hosting.Lifetime|INFO|Content root path: D:\Faks\RPPP\Projekt\KoronavirusMvc 
2020-06-07 14:22:37.0070|0|KoronavirusMvc.Program|DEBUG|init main 
2020-06-07 14:22:37.9871|0|Microsoft.Hosting.Lifetime|INFO|Application started. Press Ctrl+C to shut down. 
2020-06-07 14:22:37.9871|0|Microsoft.Hosting.Lifetime|INFO|Hosting environment: Development 
2020-06-07 14:22:37.9988|0|Microsoft.Hosting.Lifetime|INFO|Content root path: D:\Faks\RPPP\Projekt\KoronavirusMvc 
2020-06-07 14:48:42.3349|0|KoronavirusMvc.Program|DEBUG|init main 
2020-06-07 14:48:43.3713|0|Microsoft.Hosting.Lifetime|INFO|Application started. Press Ctrl+C to shut down. 
2020-06-07 14:48:43.3713|0|Microsoft.Hosting.Lifetime|INFO|Hosting environment: Development 
2020-06-07 14:48:43.3713|0|Microsoft.Hosting.Lifetime|INFO|Content root path: D:\Faks\RPPP\Projekt\KoronavirusMvc 
2020-06-07 16:06:50.3540|0|KoronavirusMvc.Program|DEBUG|init main 
2020-06-07 16:06:51.3207|0|Microsoft.Hosting.Lifetime|INFO|Application started. Press Ctrl+C to shut down. 
2020-06-07 16:06:51.3249|0|Microsoft.Hosting.Lifetime|INFO|Hosting environment: Development 
2020-06-07 16:06:51.3249|0|Microsoft.Hosting.Lifetime|INFO|Content root path: D:\Faks\RPPP\Projekt\KoronavirusMvc 
2020-06-07 16:09:27.5429|0|KoronavirusMvc.Program|DEBUG|init main 
2020-06-07 16:09:28.5679|0|Microsoft.Hosting.Lifetime|INFO|Application started. Press Ctrl+C to shut down. 
2020-06-07 16:09:28.5679|0|Microsoft.Hosting.Lifetime|INFO|Hosting environment: Development 
2020-06-07 16:09:28.5816|0|Microsoft.Hosting.Lifetime|INFO|Content root path: D:\Faks\RPPP\Projekt\KoronavirusMvc 
2020-06-07 16:12:45.5335|0|KoronavirusMvc.Program|DEBUG|init main 
2020-06-07 16:12:46.5874|0|Microsoft.Hosting.Lifetime|INFO|Application started. Press Ctrl+C to shut down. 
2020-06-07 16:12:46.5917|0|Microsoft.Hosting.Lifetime|INFO|Hosting environment: Development 
2020-06-07 16:12:46.5917|0|Microsoft.Hosting.Lifetime|INFO|Content root path: D:\Faks\RPPP\Projekt\KoronavirusMvc 
2020-06-07 16:13:38.8933|0|KoronavirusMvc.Program|DEBUG|init main 
2020-06-07 16:13:39.8945|0|Microsoft.Hosting.Lifetime|INFO|Application started. Press Ctrl+C to shut down. 
2020-06-07 16:13:39.8945|0|Microsoft.Hosting.Lifetime|INFO|Hosting environment: Development 
2020-06-07 16:13:39.9074|0|Microsoft.Hosting.Lifetime|INFO|Content root path: D:\Faks\RPPP\Projekt\KoronavirusMvc 
2020-06-07 16:20:41.9931|0|KoronavirusMvc.Program|DEBUG|init main 
2020-06-07 16:20:43.0379|0|Microsoft.Hosting.Lifetime|INFO|Application started. Press Ctrl+C to shut down. 
2020-06-07 16:20:43.0420|0|Microsoft.Hosting.Lifetime|INFO|Hosting environment: Development 
2020-06-07 16:20:43.0420|0|Microsoft.Hosting.Lifetime|INFO|Content root path: D:\Faks\RPPP\Projekt\KoronavirusMvc 
2020-06-07 16:21:12.4342|0|KoronavirusMvc.Program|DEBUG|init main 
2020-06-07 16:21:13.3541|0|Microsoft.Hosting.Lifetime|INFO|Application started. Press Ctrl+C to shut down. 
2020-06-07 16:21:13.3541|0|Microsoft.Hosting.Lifetime|INFO|Hosting environment: Development 
2020-06-07 16:21:13.3725|0|Microsoft.Hosting.Lifetime|INFO|Content root path: D:\Faks\RPPP\Projekt\KoronavirusMvc 
2020-06-07 16:40:15.5016|0|KoronavirusMvc.Program|DEBUG|init main 
2020-06-07 16:40:16.4136|0|Microsoft.Hosting.Lifetime|INFO|Application started. Press Ctrl+C to shut down. 
2020-06-07 16:40:16.4190|0|Microsoft.Hosting.Lifetime|INFO|Hosting environment: Development 
2020-06-07 16:40:16.4331|0|Microsoft.Hosting.Lifetime|INFO|Content root path: D:\Faks\RPPP\Projekt\KoronavirusMvc 
2020-06-07 16:41:05.3857|0|KoronavirusMvc.Program|DEBUG|init main 
2020-06-07 16:41:06.3833|0|Microsoft.Hosting.Lifetime|INFO|Application started. Press Ctrl+C to shut down. 
2020-06-07 16:41:06.3878|0|Microsoft.Hosting.Lifetime|INFO|Hosting environment: Development 
2020-06-07 16:41:06.3878|0|Microsoft.Hosting.Lifetime|INFO|Content root path: D:\Faks\RPPP\Projekt\KoronavirusMvc 
2020-06-07 16:43:56.4684|0|KoronavirusMvc.Program|DEBUG|init main 
2020-06-07 16:43:57.3930|0|Microsoft.Hosting.Lifetime|INFO|Application started. Press Ctrl+C to shut down. 
2020-06-07 16:43:57.3930|0|Microsoft.Hosting.Lifetime|INFO|Hosting environment: Development 
2020-06-07 16:43:57.4078|0|Microsoft.Hosting.Lifetime|INFO|Content root path: D:\Faks\RPPP\Projekt\KoronavirusMvc 
2020-06-07 16:44:29.2141|0|KoronavirusMvc.Controllers.PregledController|INFO|Pregled 9 dodan. 
2020-06-07 16:58:09.2375|0|KoronavirusMvc.Program|DEBUG|init main 
2020-06-07 16:58:10.2125|0|Microsoft.Hosting.Lifetime|INFO|Application started. Press Ctrl+C to shut down. 
2020-06-07 16:58:10.2175|0|Microsoft.Hosting.Lifetime|INFO|Hosting environment: Development 
2020-06-07 16:58:10.2175|0|Microsoft.Hosting.Lifetime|INFO|Content root path: D:\Faks\RPPP\Projekt\KoronavirusMvc 
2020-06-07 16:58:25.3004|0|KoronavirusMvc.Controllers.PregledController|INFO|Pregled 10 dodan. 
2020-06-07 16:58:40.6840|0|KoronavirusMvc.Controllers.PregledController|INFO|Pregled 10 obrisan. 
2020-06-07 17:44:52.6298|0|KoronavirusMvc.Program|DEBUG|init main 
2020-06-07 17:44:53.7563|0|Microsoft.Hosting.Lifetime|INFO|Application started. Press Ctrl+C to shut down. 
2020-06-07 17:44:53.7623|0|Microsoft.Hosting.Lifetime|INFO|Hosting environment: Development 
2020-06-07 17:44:53.7623|0|Microsoft.Hosting.Lifetime|INFO|Content root path: D:\Faks\RPPP\Projekt\KoronavirusMvc 
2020-06-07 17:45:43.3076|0|KoronavirusMvc.Controllers.PregledController|INFO|Pregled 10 dodan. 
2020-06-07 17:50:39.4688|0|KoronavirusMvc.Program|DEBUG|init main 
2020-06-07 17:50:39.7370|0|Microsoft.Hosting.Lifetime|INFO|Application started. Press Ctrl+C to shut down. 
2020-06-07 17:50:39.7370|0|Microsoft.Hosting.Lifetime|INFO|Hosting environment: Development 
2020-06-07 17:50:39.7534|0|Microsoft.Hosting.Lifetime|INFO|Content root path: D:\Faks\RPPP\Projekt\KoronavirusMvc 
2020-06-07 17:56:16.6858|0|KoronavirusMvc.Program|DEBUG|init main 
2020-06-07 17:56:17.9316|0|Microsoft.Hosting.Lifetime|INFO|Application started. Press Ctrl+C to shut down. 
2020-06-07 17:56:17.9369|0|Microsoft.Hosting.Lifetime|INFO|Hosting environment: Development 
2020-06-07 17:56:17.9369|0|Microsoft.Hosting.Lifetime|INFO|Content root path: D:\Faks\RPPP\Projekt\KoronavirusMvc 
2020-06-07 17:57:04.2426|0|KoronavirusMvc.Program|DEBUG|init main 
2020-06-07 17:57:05.1842|0|Microsoft.Hosting.Lifetime|INFO|Application started. Press Ctrl+C to shut down. 
2020-06-07 17:57:05.1842|0|Microsoft.Hosting.Lifetime|INFO|Hosting environment: Development 
2020-06-07 17:57:05.1842|0|Microsoft.Hosting.Lifetime|INFO|Content root path: D:\Faks\RPPP\Projekt\KoronavirusMvc 
2020-06-07 21:07:59.3576|0|KoronavirusMvc.Program|DEBUG|init main 
2020-06-07 21:08:00.3951|0|Microsoft.Hosting.Lifetime|INFO|Application started. Press Ctrl+C to shut down. 
2020-06-07 21:08:00.4098|0|Microsoft.Hosting.Lifetime|INFO|Hosting environment: Development 
2020-06-07 21:08:00.4204|0|Microsoft.Hosting.Lifetime|INFO|Content root path: D:\Faks\RPPP\Projekt\KoronavirusMvc 
2020-06-07 21:08:26.3428|0|KoronavirusMvc.Controllers.PregledController|INFO|Pregled 12 dodan. 
2020-06-07 21:09:50.3890|20102|Microsoft.EntityFrameworkCore.Database.Command|ERROR|Failed executing DbCommand (17ms) [Parameters=[@p0='?' (DbType = Int32), @p1='?' (DbType = Int32), @p2='?' (DbType = Int32), @p3='?' (DbType = Int32), @p4='?' (DbType = Int32), @p5='?' (DbType = Int32), @p6='?' (DbType = Int32), @p7='?' (DbType = Int32), @p8='?' (DbType = Int32), @p9='?' (DbType = Int32), @p10='?' (DbType = Int32), @p11='?' (DbType = Int32), @p12='?' (DbType = Int32), @p13='?' (DbType = Int32), @p14='?' (DbType = Int32), @p15='?' (DbType = Int32), @p16='?' (DbType = Int32), @p17='?' (DbType = Int32), @p18='?' (DbType = Int32), @p19='?' (DbType = Int32), @p20='?' (DbType = Int32), @p21='?' (DbType = Int32)], CommandType='Text', CommandTimeout='30']
SET NOCOUNT ON;
INSERT INTO [PREGLED_TERAPIJA] ([sifra_pregleda], [sifra_terapije])
VALUES (@p0, @p1),
(@p2, @p3),
(@p4, @p5),
(@p6, @p7),
(@p8, @p9),
(@p10, @p11),
(@p12, @p13),
(@p14, @p15),
(@p16, @p17),
(@p18, @p19),
(@p20, @p21); 
2020-06-07 21:09:50.6241|20102|Microsoft.EntityFrameworkCore.Database.Command|ERROR|Failed executing DbCommand (11ms) [Parameters=[@p0='?' (DbType = Int32), @p1='?' (DbType = Int32), @p2='?' (DbType = Int32), @p3='?' (DbType = Int32), @p4='?' (DbType = Int32), @p5='?' (DbType = Int32), @p6='?' (DbType = Int32), @p7='?' (DbType = Int32), @p8='?' (DbType = Int32), @p9='?' (DbType = Int32), @p10='?' (DbType = Int32), @p11='?' (DbType = Int32), @p12='?' (DbType = Int32), @p13='?' (DbType = Int32), @p14='?' (DbType = Int32), @p15='?' (DbType = Int32), @p16='?' (DbType = Int32), @p17='?' (DbType = Int32), @p18='?' (DbType = Int32), @p19='?' (DbType = Int32), @p20='?' (DbType = Int32), @p21='?' (DbType = Int32)], CommandType='Text', CommandTimeout='30']
SET NOCOUNT ON;
INSERT INTO [PREGLED_TERAPIJA] ([sifra_pregleda], [sifra_terapije])
VALUES (@p0, @p1),
(@p2, @p3),
(@p4, @p5),
(@p6, @p7),
(@p8, @p9),
(@p10, @p11),
(@p12, @p13),
(@p14, @p15),
(@p16, @p17),
(@p18, @p19),
(@p20, @p21); 
2020-06-07 21:09:50.6704|10000|Microsoft.EntityFrameworkCore.Update|ERROR|An exception occurred in the database while saving changes for context type 'KoronavirusMvc.Models.RPPP09Context'.
Microsoft.EntityFrameworkCore.DbUpdateException: An error occurred while updating the entries. See the inner exception for details.
 ---> Microsoft.Data.SqlClient.SqlException (0x80131904): Violation of PRIMARY KEY constraint 'PK__PREGLED___6685DC66C3706E02'. Cannot insert duplicate key in object 'dbo.PREGLED_TERAPIJA'. The duplicate key value is (12, 1).
The statement has been terminated.
   at Microsoft.Data.SqlClient.SqlConnection.OnError(SqlException exception, Boolean breakConnection, Action`1 wrapCloseInAction)
   at Microsoft.Data.SqlClient.SqlInternalConnection.OnError(SqlException exception, Boolean breakConnection, Action`1 wrapCloseInAction)
   at Microsoft.Data.SqlClient.TdsParser.ThrowExceptionAndWarning(TdsParserStateObject stateObj, Boolean callerHasConnectionLock, Boolean asyncClose)
   at Microsoft.Data.SqlClient.TdsParser.TryRun(RunBehavior runBehavior, SqlCommand cmdHandler, SqlDataReader dataStream, BulkCopySimpleResultSet bulkCopyHandler, TdsParserStateObject stateObj, Boolean& dataReady)
   at Microsoft.Data.SqlClient.SqlDataReader.TryConsumeMetaData()
   at Microsoft.Data.SqlClient.SqlDataReader.get_MetaData()
   at Microsoft.Data.SqlClient.SqlCommand.FinishExecuteReader(SqlDataReader ds, RunBehavior runBehavior, String resetOptionsString, Boolean isInternal, Boolean forDescribeParameterEncryption, Boolean shouldCacheForAlwaysEncrypted)
   at Microsoft.Data.SqlClient.SqlCommand.RunExecuteReaderTds(CommandBehavior cmdBehavior, RunBehavior runBehavior, Boolean returnStream, Boolean isAsync, Int32 timeout, Task& task, Boolean asyncWrite, Boolean inRetry, SqlDataReader ds, Boolean describeParameterEncryptionRequest)
   at Microsoft.Data.SqlClient.SqlCommand.RunExecuteReader(CommandBehavior cmdBehavior, RunBehavior runBehavior, Boolean returnStream, TaskCompletionSource`1 completion, Int32 timeout, Task& task, Boolean& usedCache, Boolean asyncWrite, Boolean inRetry, String method)
   at Microsoft.Data.SqlClient.SqlCommand.ExecuteReader(CommandBehavior behavior)
   at Microsoft.EntityFrameworkCore.Storage.RelationalCommand.ExecuteReader(RelationalCommandParameterObject parameterObject)
   at Microsoft.EntityFrameworkCore.Update.ReaderModificationCommandBatch.Execute(IRelationalConnection connection)
ClientConnectionId:9566d05f-3e43-4b88-b9dc-5bc6c4981957
Error Number:2627,State:1,Class:14
   --- End of inner exception stack trace ---
   at Microsoft.EntityFrameworkCore.Update.ReaderModificationCommandBatch.Execute(IRelationalConnection connection)
   at Microsoft.EntityFrameworkCore.Update.Internal.BatchExecutor.Execute(IEnumerable`1 commandBatches, IRelationalConnection connection)
   at Microsoft.EntityFrameworkCore.Storage.RelationalDatabase.SaveChanges(IList`1 entries)
   at Microsoft.EntityFrameworkCore.ChangeTracking.Internal.StateManager.SaveChanges(IList`1 entriesToSave)
   at Microsoft.EntityFrameworkCore.ChangeTracking.Internal.StateManager.SaveChanges(DbContext _, Boolean acceptAllChangesOnSuccess)
   at Microsoft.EntityFrameworkCore.SqlServer.Storage.Internal.SqlServerExecutionStrategy.Execute[TState,TResult](TState state, Func`3 operation, Func`3 verifySucceeded)
   at Microsoft.EntityFrameworkCore.ChangeTracking.Internal.StateManager.SaveChanges(Boolean acceptAllChangesOnSuccess)
   at Microsoft.EntityFrameworkCore.DbContext.SaveChanges(Boolean acceptAllChangesOnSuccess) An error occurred while updating the entries. See the inner exception for details.
2020-06-07 21:09:50.6704|10000|Microsoft.EntityFrameworkCore.Update|ERROR|An exception occurred in the database while saving changes for context type 'KoronavirusMvc.Models.RPPP09Context'.
Microsoft.EntityFrameworkCore.DbUpdateException: An error occurred while updating the entries. See the inner exception for details.
 ---> Microsoft.Data.SqlClient.SqlException (0x80131904): Violation of PRIMARY KEY constraint 'PK__PREGLED___6685DC66C3706E02'. Cannot insert duplicate key in object 'dbo.PREGLED_TERAPIJA'. The duplicate key value is (12, 1).
The statement has been terminated.
   at Microsoft.Data.SqlClient.SqlConnection.OnError(SqlException exception, Boolean breakConnection, Action`1 wrapCloseInAction)
   at Microsoft.Data.SqlClient.SqlInternalConnection.OnError(SqlException exception, Boolean breakConnection, Action`1 wrapCloseInAction)
   at Microsoft.Data.SqlClient.TdsParser.ThrowExceptionAndWarning(TdsParserStateObject stateObj, Boolean callerHasConnectionLock, Boolean asyncClose)
   at Microsoft.Data.SqlClient.TdsParser.TryRun(RunBehavior runBehavior, SqlCommand cmdHandler, SqlDataReader dataStream, BulkCopySimpleResultSet bulkCopyHandler, TdsParserStateObject stateObj, Boolean& dataReady)
   at Microsoft.Data.SqlClient.SqlDataReader.TryConsumeMetaData()
   at Microsoft.Data.SqlClient.SqlDataReader.get_MetaData()
   at Microsoft.Data.SqlClient.SqlCommand.FinishExecuteReader(SqlDataReader ds, RunBehavior runBehavior, String resetOptionsString, Boolean isInternal, Boolean forDescribeParameterEncryption, Boolean shouldCacheForAlwaysEncrypted)
   at Microsoft.Data.SqlClient.SqlCommand.RunExecuteReaderTds(CommandBehavior cmdBehavior, RunBehavior runBehavior, Boolean returnStream, Boolean isAsync, Int32 timeout, Task& task, Boolean asyncWrite, Boolean inRetry, SqlDataReader ds, Boolean describeParameterEncryptionRequest)
   at Microsoft.Data.SqlClient.SqlCommand.RunExecuteReader(CommandBehavior cmdBehavior, RunBehavior runBehavior, Boolean returnStream, TaskCompletionSource`1 completion, Int32 timeout, Task& task, Boolean& usedCache, Boolean asyncWrite, Boolean inRetry, String method)
   at Microsoft.Data.SqlClient.SqlCommand.ExecuteReader(CommandBehavior behavior)
   at Microsoft.EntityFrameworkCore.Storage.RelationalCommand.ExecuteReader(RelationalCommandParameterObject parameterObject)
   at Microsoft.EntityFrameworkCore.Update.ReaderModificationCommandBatch.Execute(IRelationalConnection connection)
ClientConnectionId:9566d05f-3e43-4b88-b9dc-5bc6c4981957
Error Number:2627,State:1,Class:14
   --- End of inner exception stack trace ---
   at Microsoft.EntityFrameworkCore.Update.ReaderModificationCommandBatch.Execute(IRelationalConnection connection)
   at Microsoft.EntityFrameworkCore.Update.Internal.BatchExecutor.Execute(IEnumerable`1 commandBatches, IRelationalConnection connection)
   at Microsoft.EntityFrameworkCore.Storage.RelationalDatabase.SaveChanges(IList`1 entries)
   at Microsoft.EntityFrameworkCore.ChangeTracking.Internal.StateManager.SaveChanges(IList`1 entriesToSave)
   at Microsoft.EntityFrameworkCore.ChangeTracking.Internal.StateManager.SaveChanges(DbContext _, Boolean acceptAllChangesOnSuccess)
   at Microsoft.EntityFrameworkCore.SqlServer.Storage.Internal.SqlServerExecutionStrategy.Execute[TState,TResult](TState state, Func`3 operation, Func`3 verifySucceeded)
   at Microsoft.EntityFrameworkCore.ChangeTracking.Internal.StateManager.SaveChanges(Boolean acceptAllChangesOnSuccess)
   at Microsoft.EntityFrameworkCore.DbContext.SaveChanges(Boolean acceptAllChangesOnSuccess) An error occurred while updating the entries. See the inner exception for details.
2020-06-07 21:10:13.9452|0|KoronavirusMvc.Program|DEBUG|init main 
2020-06-07 21:10:15.0055|0|Microsoft.Hosting.Lifetime|INFO|Application started. Press Ctrl+C to shut down. 
2020-06-07 21:10:15.0114|0|Microsoft.Hosting.Lifetime|INFO|Hosting environment: Development 
2020-06-07 21:10:15.0114|0|Microsoft.Hosting.Lifetime|INFO|Content root path: D:\Faks\RPPP\Projekt\KoronavirusMvc 
2020-06-07 21:10:25.3119|20102|Microsoft.EntityFrameworkCore.Database.Command|ERROR|Failed executing DbCommand (30ms) [Parameters=[@p0='?' (DbType = Int32), @p1='?' (DbType = Int32), @p2='?' (DbType = Int32), @p3='?' (DbType = Int32), @p4='?' (DbType = Int32), @p5='?' (DbType = Int32), @p6='?' (DbType = Int32), @p7='?' (DbType = Int32), @p8='?' (DbType = Int32), @p9='?' (DbType = Int32)], CommandType='Text', CommandTimeout='30']
SET NOCOUNT ON;
INSERT INTO [PREGLED_TERAPIJA] ([sifra_pregleda], [sifra_terapije])
VALUES (@p0, @p1),
(@p2, @p3),
(@p4, @p5),
(@p6, @p7),
(@p8, @p9); 
2020-06-07 21:10:25.3646|10000|Microsoft.EntityFrameworkCore.Update|ERROR|An exception occurred in the database while saving changes for context type 'KoronavirusMvc.Models.RPPP09Context'.
Microsoft.EntityFrameworkCore.DbUpdateException: An error occurred while updating the entries. See the inner exception for details.
 ---> Microsoft.Data.SqlClient.SqlException (0x80131904): Violation of PRIMARY KEY constraint 'PK__PREGLED___6685DC66C3706E02'. Cannot insert duplicate key in object 'dbo.PREGLED_TERAPIJA'. The duplicate key value is (3, 3).
The statement has been terminated.
   at Microsoft.Data.SqlClient.SqlConnection.OnError(SqlException exception, Boolean breakConnection, Action`1 wrapCloseInAction)
   at Microsoft.Data.SqlClient.SqlInternalConnection.OnError(SqlException exception, Boolean breakConnection, Action`1 wrapCloseInAction)
   at Microsoft.Data.SqlClient.TdsParser.ThrowExceptionAndWarning(TdsParserStateObject stateObj, Boolean callerHasConnectionLock, Boolean asyncClose)
   at Microsoft.Data.SqlClient.TdsParser.TryRun(RunBehavior runBehavior, SqlCommand cmdHandler, SqlDataReader dataStream, BulkCopySimpleResultSet bulkCopyHandler, TdsParserStateObject stateObj, Boolean& dataReady)
   at Microsoft.Data.SqlClient.SqlDataReader.TryConsumeMetaData()
   at Microsoft.Data.SqlClient.SqlDataReader.get_MetaData()
   at Microsoft.Data.SqlClient.SqlCommand.FinishExecuteReader(SqlDataReader ds, RunBehavior runBehavior, String resetOptionsString, Boolean isInternal, Boolean forDescribeParameterEncryption, Boolean shouldCacheForAlwaysEncrypted)
   at Microsoft.Data.SqlClient.SqlCommand.RunExecuteReaderTds(CommandBehavior cmdBehavior, RunBehavior runBehavior, Boolean returnStream, Boolean isAsync, Int32 timeout, Task& task, Boolean asyncWrite, Boolean inRetry, SqlDataReader ds, Boolean describeParameterEncryptionRequest)
   at Microsoft.Data.SqlClient.SqlCommand.RunExecuteReader(CommandBehavior cmdBehavior, RunBehavior runBehavior, Boolean returnStream, TaskCompletionSource`1 completion, Int32 timeout, Task& task, Boolean& usedCache, Boolean asyncWrite, Boolean inRetry, String method)
   at Microsoft.Data.SqlClient.SqlCommand.RunExecuteReader(CommandBehavior cmdBehavior, RunBehavior runBehavior, Boolean returnStream, String method)
   at Microsoft.Data.SqlClient.SqlCommand.ExecuteReader(CommandBehavior behavior)
   at Microsoft.Data.SqlClient.SqlCommand.ExecuteDbDataReader(CommandBehavior behavior)
   at System.Data.Common.DbCommand.ExecuteReader()
   at Microsoft.EntityFrameworkCore.Storage.RelationalCommand.ExecuteReader(RelationalCommandParameterObject parameterObject)
   at Microsoft.EntityFrameworkCore.Update.ReaderModificationCommandBatch.Execute(IRelationalConnection connection)
ClientConnectionId:7bccab44-85ae-4f47-a975-6d63c28311db
Error Number:2627,State:1,Class:14
   --- End of inner exception stack trace ---
   at Microsoft.EntityFrameworkCore.Update.ReaderModificationCommandBatch.Execute(IRelationalConnection connection)
   at Microsoft.EntityFrameworkCore.Update.Internal.BatchExecutor.Execute(IEnumerable`1 commandBatches, IRelationalConnection connection)
   at Microsoft.EntityFrameworkCore.Storage.RelationalDatabase.SaveChanges(IList`1 entries)
   at Microsoft.EntityFrameworkCore.ChangeTracking.Internal.StateManager.SaveChanges(IList`1 entriesToSave)
   at Microsoft.EntityFrameworkCore.ChangeTracking.Internal.StateManager.SaveChanges(DbContext _, Boolean acceptAllChangesOnSuccess)
   at Microsoft.EntityFrameworkCore.SqlServer.Storage.Internal.SqlServerExecutionStrategy.Execute[TState,TResult](TState state, Func`3 operation, Func`3 verifySucceeded)
   at Microsoft.EntityFrameworkCore.ChangeTracking.Internal.StateManager.SaveChanges(Boolean acceptAllChangesOnSuccess)
   at Microsoft.EntityFrameworkCore.DbContext.SaveChanges(Boolean acceptAllChangesOnSuccess) An error occurred while updating the entries. See the inner exception for details.
2020-06-07 21:22:25.2521|0|KoronavirusMvc.Program|DEBUG|init main 
2020-06-07 21:22:26.6383|0|Microsoft.Hosting.Lifetime|INFO|Application started. Press Ctrl+C to shut down. 
2020-06-07 21:22:26.6383|0|Microsoft.Hosting.Lifetime|INFO|Hosting environment: Development 
2020-06-07 21:22:26.6572|0|Microsoft.Hosting.Lifetime|INFO|Content root path: D:\Faks\RPPP\Projekt\KoronavirusMvc 
2020-06-07 21:22:41.2462|0|KoronavirusMvc.Controllers.PregledController|INFO|Simptomi uspješno dodani. 
2020-06-07 21:22:49.8883|0|KoronavirusMvc.Controllers.PregledController|INFO|Pregled 3 uspješno ažuriran. 
